date, 148540, S034_0060
date, 204483, S088_0050
pilot, 197729, S034B_0050
pilot, 197731, S034B_0100
pilot, 197733, S034B_0140
pilot, 197737, S034B_0210
pilot, 197775, S037B_0200
pilot, 197789, S051A_0110
sangyeon, 204415, E103_S001_0080
pilot, 206265, S068_0015
pilot, 206960, S064A_0010_SRC_14
noise, 213751, CREDIT
noise, 213752, CREDIT
noise, 213753, CREDIT
sangyeon, 215321, E103_S001_0091
sangyeon, 215322, E103_S001_0111
sangyeon, 215323, E103_S001_0116
sangyeon, 215324, E103_S001_0121
sangyeon, 215325, E103_S001_0122
sangyeon, 215326, E103_S001_0131
sangyeon, 215327, E103_S001_0132
sangyeon, 215328, E103_S002_0010
sangyeon, 215329, E103_S002_0020
sangyeon, 215330, E103_S011_0041
sangyeon, 215331, E103_S011_0042
sangyeon, 215332, E103_S014_0005
sangyeon, 215333, E103_S018_0041
sangyeon, 215334, E103_S018_0051
sangyeon, 215335, E103_S031_0015
sangyeon, 215336, E104_S022_0055
sangyeon, 215337, E104_S023_0001
sangyeon, 215338, E104_S023_0002
sangyeon, 215339, E104_S023_0003
sangyeon, 215340, E104_S024_0001
sangyeon, 215341, E104_S024_0015
sangyeon, 215342, E104_S027_0040
sangyeon, 215343, E104_S027_0050
sangyeon, 215344, E104_S027_0060
sangyeon, 215653, E105_S022_0080
sangyeon, 215654, E105_S022_0090
sangyeon, 216218, E103_S027_0220
sangyeon, 216219, E103_S027_0230
sangyeon, 216220, E103_S027_0250
sangyeon, 216221, E103_S027_0260
sangyeon, 216222, E103_S027_0270
sangyeon, 216223, E103_S027_0280
sangyeon, 216224, E103_S027_0290
sangyeon, 216225, E103_S027_0300
sangyeon, 216226, E103_S027_0310
sangyeon, 216227, E103_S027_0320
sangyeon, 216228, E103_S027_0340
sangyeon, 216229, E103_S027_0350
sangyeon, 216230, E103_S027_0370
sangyeon, 216231, E103_S027_0390
sangyeon, 216232, E103_S034_0040
sangyeon, 216233, E103_S034_0100
sangyeon, 216234, E103_S034_0120
sangyeon, 216235, E103_S034_0210
sangyeon, 216271, E106_S017_0050
sangyeon, 216272, E106_S017_0060
sangyeon, 216273, E106_S017_0070
sangyeon, 216274, E106_S017_0080
sangyeon, 216275, E106_S017_0090
sangyeon, 216276, E106_S017_0100
sangyeon, 216277, E106_S017_0110
sangyeon, 216278, E106_S017_0120
sangyeon, 216279, E106_S017_0130
sangyeon, 216280, E106_S022_0010
sangyeon, 216281, E106_S022_0020
sangyeon, 216282, E106_S022_0030
sangyeon, 216283, E106_S039_0010
sangyeon, 217660, E101_S001_0065
sangyeon, 218557, E106_S012_0050
sangyeon, 220381, E103_S027_0020
sangyeon, 220382, E103_S027_0030
sangyeon, 221445, E103_S027_0040
sangyeon, 221446, E103_S027_0050
sangyeon, 221447, E103_S027_0060
sangyeon, 221448, E103_S027_0080
sangyeon, 221449, E103_S027_0170
sangyeon, 221450, E103_S027_0180
sangyeon, 221451, E103_S027_0190
sangyeon, 221452, E103_S027_0200
sangyeon, 224061, E107_S058_0010
sangyeon, 226239, E106_S046_0015
